{"C:\\Users\\clios\\OneDrive\\Escritorio\\ Academlo\\NodeJSGen45\\6th_Week\\3th_Class\\booking-app\\src\\app.js": {"path":"C:\\Users\\clios\\OneDrive\\Escritorio\\ Academlo\\NodeJSGen45\\6th_Week\\3th_Class\\booking-app\\src\\app.js","statementMap":{"0":{"start":{"line":26,"column":0},"end":{"line":26,"column":15}},"1":{"start":{"line":1,"column":20},"end":{"line":1,"column":null}},"2":{"start":{"line":2,"column":17},"end":{"line":2,"column":null}},"3":{"start":{"line":3,"column":19},"end":{"line":3,"column":null}},"4":{"start":{"line":4,"column":19},"end":{"line":4,"column":null}},"5":{"start":{"line":5,"column":19},"end":{"line":5,"column":null}},"6":{"start":{"line":6,"column":29},"end":{"line":6,"column":null}},"7":{"start":{"line":7,"column":20},"end":{"line":7,"column":null}},"8":{"start":{"line":9,"column":12},"end":{"line":9,"column":null}},"9":{"start":{"line":11,"column":0},"end":{"line":11,"column":null}},"10":{"start":{"line":12,"column":0},"end":{"line":12,"column":null}},"11":{"start":{"line":14,"column":0},"end":{"line":14,"column":null}},"12":{"start":{"line":15,"column":0},"end":{"line":15,"column":null}},"13":{"start":{"line":16,"column":0},"end":{"line":16,"column":null}},"14":{"start":{"line":17,"column":0},"end":{"line":17,"column":null}},"15":{"start":{"line":18,"column":0},"end":{"line":18,"column":null}},"16":{"start":{"line":21,"column":0},"end":{"line":21,"column":null}},"17":{"start":{"line":24,"column":0},"end":{"line":24,"column":null}},"18":{"start":{"line":26,"column":15},"end":{"line":26,"column":null}}},"fnMap":{},"branchMap":{"0":{"loc":{"start":{"line":11,"column":16},"end":{"line":11,"column":null}},"type":"binary-expr","locations":[{"start":{"line":11,"column":16},"end":{"line":11,"column":24}},{"start":{"line":11,"column":28},"end":{"line":11,"column":null}}]}},"s":{"0":26,"1":5,"2":5,"3":5,"4":5,"5":5,"6":5,"7":5,"8":5,"9":5,"10":5,"11":5,"12":5,"13":5,"14":5,"15":5,"16":5,"17":5,"18":5},"f":{},"b":{"0":[5,0]}}
,"C:\\Users\\clios\\OneDrive\\Escritorio\\ Academlo\\NodeJSGen45\\6th_Week\\3th_Class\\booking-app\\src\\config\\cloudinary.js": {"path":"C:\\Users\\clios\\OneDrive\\Escritorio\\ Academlo\\NodeJSGen45\\6th_Week\\3th_Class\\booking-app\\src\\config\\cloudinary.js","statementMap":{"0":{"start":{"line":24,"column":13},"end":{"line":24,"column":36}},"1":{"start":{"line":8,"column":13},"end":{"line":8,"column":40}},"2":{"start":{"line":1,"column":33},"end":{"line":1,"column":null}},"3":{"start":{"line":2,"column":41},"end":{"line":2,"column":null}},"4":{"start":{"line":3,"column":24},"end":{"line":3,"column":null}},"5":{"start":{"line":4,"column":27},"end":{"line":4,"column":null}},"6":{"start":{"line":6,"column":0},"end":{"line":6,"column":null}},"7":{"start":{"line":8,"column":40},"end":{"line":22,"column":null}},"8":{"start":{"line":9,"column":4},"end":{"line":21,"column":null}},"9":{"start":{"line":10,"column":25},"end":{"line":10,"column":null}},"10":{"start":{"line":11,"column":23},"end":{"line":19,"column":null}},"11":{"start":{"line":17,"column":12},"end":{"line":18,"column":null}},"12":{"start":{"line":17,"column":23},"end":{"line":17,"column":null}},"13":{"start":{"line":18,"column":17},"end":{"line":18,"column":null}},"14":{"start":{"line":20,"column":8},"end":{"line":20,"column":null}},"15":{"start":{"line":24,"column":36},"end":{"line":34,"column":null}},"16":{"start":{"line":25,"column":4},"end":{"line":33,"column":null}},"17":{"start":{"line":26,"column":25},"end":{"line":26,"column":null}},"18":{"start":{"line":27,"column":8},"end":{"line":27,"column":null}},"19":{"start":{"line":27,"column":23},"end":{"line":27,"column":null}},"20":{"start":{"line":28,"column":23},"end":{"line":28,"column":null}},"21":{"start":{"line":29,"column":8},"end":{"line":29,"column":null}},"22":{"start":{"line":31,"column":8},"end":{"line":31,"column":null}},"23":{"start":{"line":32,"column":8},"end":{"line":32,"column":null}}},"fnMap":{"0":{"name":"(anonymous_4)","decl":{"start":{"line":8,"column":40},"end":{"line":8,"column":47}},"loc":{"start":{"line":8,"column":73},"end":{"line":22,"column":null}}},"1":{"name":"(anonymous_5)","decl":{"start":{"line":9,"column":23},"end":{"line":9,"column":24}},"loc":{"start":{"line":9,"column":33},"end":{"line":21,"column":null}}},"2":{"name":"(anonymous_6)","decl":{"start":{"line":16,"column":11},"end":{"line":16,"column":12}},"loc":{"start":{"line":16,"column":19},"end":{"line":19,"column":null}}},"3":{"name":"(anonymous_7)","decl":{"start":{"line":24,"column":36},"end":{"line":24,"column":43}},"loc":{"start":{"line":24,"column":43},"end":{"line":34,"column":null}}}},"branchMap":{"0":{"loc":{"start":{"line":8,"column":55},"end":{"line":8,"column":73}},"type":"default-arg","locations":[{"start":{"line":8,"column":64},"end":{"line":8,"column":73}}]},"1":{"loc":{"start":{"line":17,"column":12},"end":{"line":18,"column":null}},"type":"if","locations":[{"start":{"line":17,"column":12},"end":{"line":18,"column":null}},{"start":{"line":18,"column":17},"end":{"line":18,"column":null}}]},"2":{"loc":{"start":{"line":27,"column":8},"end":{"line":27,"column":null}},"type":"if","locations":[{"start":{"line":27,"column":8},"end":{"line":27,"column":null}},{"start":{},"end":{}}]}},"s":{"0":0,"1":0,"2":5,"3":5,"4":5,"5":5,"6":5,"7":5,"8":0,"9":0,"10":0,"11":0,"12":0,"13":0,"14":0,"15":5,"16":0,"17":0,"18":0,"19":0,"20":0,"21":0,"22":0,"23":0},"f":{"0":0,"1":0,"2":0,"3":0},"b":{"0":[0],"1":[0,0],"2":[0,0]}}
,"C:\\Users\\clios\\OneDrive\\Escritorio\\ Academlo\\NodeJSGen45\\6th_Week\\3th_Class\\booking-app\\src\\config\\env.js": {"path":"C:\\Users\\clios\\OneDrive\\Escritorio\\ Academlo\\NodeJSGen45\\6th_Week\\3th_Class\\booking-app\\src\\config\\env.js","statementMap":{"0":{"start":{"line":5,"column":13},"end":{"line":5,"column":19}},"1":{"start":{"line":1,"column":7},"end":{"line":1,"column":null}},"2":{"start":{"line":3,"column":12},"end":{"line":3,"column":null}},"3":{"start":{"line":5,"column":19},"end":{"line":11,"column":null}}},"fnMap":{},"branchMap":{"0":{"loc":{"start":{"line":3,"column":12},"end":{"line":3,"column":null}},"type":"binary-expr","locations":[{"start":{"line":3,"column":12},"end":{"line":3,"column":27}},{"start":{"line":3,"column":31},"end":{"line":3,"column":51}},{"start":{"line":3,"column":55},"end":{"line":3,"column":null}}]},"1":{"loc":{"start":{"line":7,"column":8},"end":{"line":7,"column":null}},"type":"binary-expr","locations":[{"start":{"line":7,"column":8},"end":{"line":7,"column":24}},{"start":{"line":7,"column":28},"end":{"line":7,"column":null}}]},"2":{"loc":{"start":{"line":8,"column":16},"end":{"line":8,"column":null}},"type":"binary-expr","locations":[{"start":{"line":8,"column":16},"end":{"line":8,"column":40}},{"start":{"line":8,"column":44},"end":{"line":8,"column":null}}]},"3":{"loc":{"start":{"line":9,"column":14},"end":{"line":9,"column":null}},"type":"binary-expr","locations":[{"start":{"line":9,"column":14},"end":{"line":9,"column":36}},{"start":{"line":9,"column":40},"end":{"line":9,"column":null}}]}},"s":{"0":36,"1":5,"2":5,"3":5},"f":{},"b":{"0":[5,5,0],"1":[5,0],"2":[5,0],"3":[5,0]}}
,"C:\\Users\\clios\\OneDrive\\Escritorio\\ Academlo\\NodeJSGen45\\6th_Week\\3th_Class\\booking-app\\src\\controllers\\booking.controller.js": {"path":"C:\\Users\\clios\\OneDrive\\Escritorio\\ Academlo\\NodeJSGen45\\6th_Week\\3th_Class\\booking-app\\src\\controllers\\booking.controller.js","statementMap":{"0":{"start":{"line":20,"column":13},"end":{"line":20,"column":22}},"1":{"start":{"line":6,"column":13},"end":{"line":6,"column":22}},"2":{"start":{"line":28,"column":13},"end":{"line":28,"column":22}},"3":{"start":{"line":34,"column":13},"end":{"line":34,"column":22}},"4":{"start":{"line":1,"column":27},"end":{"line":1,"column":null}},"5":{"start":{"line":2,"column":20},"end":{"line":2,"column":null}},"6":{"start":{"line":3,"column":18},"end":{"line":3,"column":null}},"7":{"start":{"line":4,"column":17},"end":{"line":4,"column":null}},"8":{"start":{"line":6,"column":22},"end":{"line":18,"column":null}},"9":{"start":{"line":7,"column":32},"end":{"line":7,"column":41}},"10":{"start":{"line":8,"column":18},"end":{"line":8,"column":null}},"11":{"start":{"line":9,"column":4},"end":{"line":9,"column":null}},"12":{"start":{"line":9,"column":15},"end":{"line":9,"column":null}},"13":{"start":{"line":10,"column":4},"end":{"line":10,"column":null}},"14":{"start":{"line":10,"column":16},"end":{"line":10,"column":null}},"15":{"start":{"line":11,"column":20},"end":{"line":14,"column":null}},"16":{"start":{"line":16,"column":18},"end":{"line":16,"column":null}},"17":{"start":{"line":17,"column":4},"end":{"line":17,"column":null}},"18":{"start":{"line":20,"column":22},"end":{"line":26,"column":null}},"19":{"start":{"line":21,"column":43},"end":{"line":21,"column":null}},"20":{"start":{"line":22,"column":21},"end":{"line":22,"column":29}},"21":{"start":{"line":23,"column":19},"end":{"line":23,"column":26}},"22":{"start":{"line":24,"column":19},"end":{"line":24,"column":null}},"23":{"start":{"line":25,"column":4},"end":{"line":25,"column":null}},"24":{"start":{"line":28,"column":22},"end":{"line":32,"column":null}},"25":{"start":{"line":29,"column":19},"end":{"line":29,"column":29}},"26":{"start":{"line":30,"column":4},"end":{"line":30,"column":null}},"27":{"start":{"line":31,"column":4},"end":{"line":31,"column":null}},"28":{"start":{"line":34,"column":22},"end":{"line":49,"column":null}},"29":{"start":{"line":35,"column":19},"end":{"line":35,"column":29}},"30":{"start":{"line":38,"column":34},"end":{"line":38,"column":null}},"31":{"start":{"line":39,"column":27},"end":{"line":39,"column":null}},"32":{"start":{"line":40,"column":4},"end":{"line":40,"column":null}},"33":{"start":{"line":40,"column":31},"end":{"line":40,"column":null}},"34":{"start":{"line":41,"column":4},"end":{"line":41,"column":null}},"35":{"start":{"line":41,"column":32},"end":{"line":41,"column":null}},"36":{"start":{"line":43,"column":19},"end":{"line":45,"column":null}},"37":{"start":{"line":47,"column":4},"end":{"line":47,"column":null}},"38":{"start":{"line":47,"column":24},"end":{"line":47,"column":null}},"39":{"start":{"line":48,"column":4},"end":{"line":48,"column":null}}},"fnMap":{"0":{"name":"(anonymous_6)","decl":{"start":{"line":6,"column":33},"end":{"line":6,"column":39}},"loc":{"start":{"line":6,"column":44},"end":{"line":18,"column":null}}},"1":{"name":"(anonymous_7)","decl":{"start":{"line":20,"column":33},"end":{"line":20,"column":39}},"loc":{"start":{"line":20,"column":44},"end":{"line":26,"column":null}}},"2":{"name":"(anonymous_8)","decl":{"start":{"line":28,"column":33},"end":{"line":28,"column":39}},"loc":{"start":{"line":28,"column":44},"end":{"line":32,"column":null}}},"3":{"name":"(anonymous_9)","decl":{"start":{"line":34,"column":33},"end":{"line":34,"column":39}},"loc":{"start":{"line":34,"column":44},"end":{"line":49,"column":null}}}},"branchMap":{"0":{"loc":{"start":{"line":9,"column":4},"end":{"line":9,"column":null}},"type":"if","locations":[{"start":{"line":9,"column":4},"end":{"line":9,"column":null}},{"start":{},"end":{}}]},"1":{"loc":{"start":{"line":10,"column":4},"end":{"line":10,"column":null}},"type":"if","locations":[{"start":{"line":10,"column":4},"end":{"line":10,"column":null}},{"start":{},"end":{}}]},"2":{"loc":{"start":{"line":21,"column":43},"end":{"line":21,"column":null}},"type":"binary-expr","locations":[{"start":{"line":21,"column":43},"end":{"line":21,"column":51}},{"start":{"line":21,"column":55},"end":{"line":21,"column":null}}]},"3":{"loc":{"start":{"line":38,"column":34},"end":{"line":38,"column":null}},"type":"binary-expr","locations":[{"start":{"line":38,"column":34},"end":{"line":38,"column":42}},{"start":{"line":38,"column":46},"end":{"line":38,"column":null}}]},"4":{"loc":{"start":{"line":40,"column":4},"end":{"line":40,"column":null}},"type":"if","locations":[{"start":{"line":40,"column":4},"end":{"line":40,"column":null}},{"start":{},"end":{}}]},"5":{"loc":{"start":{"line":41,"column":4},"end":{"line":41,"column":null}},"type":"if","locations":[{"start":{"line":41,"column":4},"end":{"line":41,"column":null}},{"start":{},"end":{}}]},"6":{"loc":{"start":{"line":47,"column":4},"end":{"line":47,"column":null}},"type":"if","locations":[{"start":{"line":47,"column":4},"end":{"line":47,"column":null}},{"start":{},"end":{}}]}},"s":{"0":5,"1":5,"2":5,"3":5,"4":5,"5":5,"6":5,"7":5,"8":5,"9":1,"10":1,"11":1,"12":0,"13":1,"14":0,"15":1,"16":1,"17":1,"18":5,"19":1,"20":1,"21":1,"22":1,"23":1,"24":5,"25":1,"26":1,"27":1,"28":5,"29":1,"30":1,"31":1,"32":1,"33":1,"34":1,"35":1,"36":1,"37":1,"38":0,"39":1},"f":{"0":1,"1":1,"2":1,"3":1},"b":{"0":[0,1],"1":[0,1],"2":[1,0],"3":[1,0],"4":[1,0],"5":[1,0],"6":[0,1]}}
,"C:\\Users\\clios\\OneDrive\\Escritorio\\ Academlo\\NodeJSGen45\\6th_Week\\3th_Class\\booking-app\\src\\controllers\\city.controller.js": {"path":"C:\\Users\\clios\\OneDrive\\Escritorio\\ Academlo\\NodeJSGen45\\6th_Week\\3th_Class\\booking-app\\src\\controllers\\city.controller.js","statementMap":{"0":{"start":{"line":10,"column":13},"end":{"line":10,"column":22}},"1":{"start":{"line":5,"column":13},"end":{"line":5,"column":22}},"2":{"start":{"line":15,"column":13},"end":{"line":15,"column":22}},"3":{"start":{"line":21,"column":13},"end":{"line":21,"column":22}},"4":{"start":{"line":1,"column":27},"end":{"line":1,"column":null}},"5":{"start":{"line":2,"column":17},"end":{"line":2,"column":null}},"6":{"start":{"line":3,"column":18},"end":{"line":3,"column":null}},"7":{"start":{"line":5,"column":22},"end":{"line":8,"column":null}},"8":{"start":{"line":6,"column":20},"end":{"line":6,"column":null}},"9":{"start":{"line":7,"column":4},"end":{"line":7,"column":null}},"10":{"start":{"line":10,"column":22},"end":{"line":13,"column":null}},"11":{"start":{"line":11,"column":19},"end":{"line":11,"column":null}},"12":{"start":{"line":12,"column":4},"end":{"line":12,"column":null}},"13":{"start":{"line":15,"column":22},"end":{"line":19,"column":null}},"14":{"start":{"line":16,"column":19},"end":{"line":16,"column":29}},"15":{"start":{"line":17,"column":4},"end":{"line":17,"column":null}},"16":{"start":{"line":18,"column":4},"end":{"line":18,"column":null}},"17":{"start":{"line":21,"column":22},"end":{"line":29,"column":null}},"18":{"start":{"line":22,"column":19},"end":{"line":22,"column":29}},"19":{"start":{"line":23,"column":19},"end":{"line":25,"column":null}},"20":{"start":{"line":27,"column":4},"end":{"line":27,"column":null}},"21":{"start":{"line":27,"column":24},"end":{"line":27,"column":null}},"22":{"start":{"line":28,"column":4},"end":{"line":28,"column":null}}},"fnMap":{"0":{"name":"(anonymous_6)","decl":{"start":{"line":5,"column":33},"end":{"line":5,"column":39}},"loc":{"start":{"line":5,"column":44},"end":{"line":8,"column":null}}},"1":{"name":"(anonymous_7)","decl":{"start":{"line":10,"column":33},"end":{"line":10,"column":39}},"loc":{"start":{"line":10,"column":44},"end":{"line":13,"column":null}}},"2":{"name":"(anonymous_8)","decl":{"start":{"line":15,"column":33},"end":{"line":15,"column":39}},"loc":{"start":{"line":15,"column":44},"end":{"line":19,"column":null}}},"3":{"name":"(anonymous_9)","decl":{"start":{"line":21,"column":33},"end":{"line":21,"column":39}},"loc":{"start":{"line":21,"column":44},"end":{"line":29,"column":null}}}},"branchMap":{"0":{"loc":{"start":{"line":27,"column":4},"end":{"line":27,"column":null}},"type":"if","locations":[{"start":{"line":27,"column":4},"end":{"line":27,"column":null}},{"start":{},"end":{}}]}},"s":{"0":5,"1":5,"2":5,"3":5,"4":5,"5":5,"6":5,"7":5,"8":1,"9":1,"10":5,"11":1,"12":1,"13":5,"14":1,"15":1,"16":1,"17":5,"18":1,"19":1,"20":1,"21":0,"22":1},"f":{"0":1,"1":1,"2":1,"3":1},"b":{"0":[0,1]}}
,"C:\\Users\\clios\\OneDrive\\Escritorio\\ Academlo\\NodeJSGen45\\6th_Week\\3th_Class\\booking-app\\src\\controllers\\hotel.controller.js": {"path":"C:\\Users\\clios\\OneDrive\\Escritorio\\ Academlo\\NodeJSGen45\\6th_Week\\3th_Class\\booking-app\\src\\controllers\\hotel.controller.js","statementMap":{"0":{"start":{"line":29,"column":13},"end":{"line":29,"column":22}},"1":{"start":{"line":8,"column":13},"end":{"line":8,"column":22}},"2":{"start":{"line":34,"column":13},"end":{"line":34,"column":22}},"3":{"start":{"line":41,"column":13},"end":{"line":41,"column":22}},"4":{"start":{"line":47,"column":13},"end":{"line":47,"column":22}},"5":{"start":{"line":1,"column":19},"end":{"line":1,"column":null}},"6":{"start":{"line":2,"column":27},"end":{"line":2,"column":null}},"7":{"start":{"line":3,"column":17},"end":{"line":3,"column":null}},"8":{"start":{"line":4,"column":18},"end":{"line":4,"column":null}},"9":{"start":{"line":5,"column":18},"end":{"line":5,"column":null}},"10":{"start":{"line":6,"column":19},"end":{"line":6,"column":null}},"11":{"start":{"line":8,"column":22},"end":{"line":27,"column":null}},"12":{"start":{"line":9,"column":27},"end":{"line":9,"column":36}},"13":{"start":{"line":10,"column":18},"end":{"line":10,"column":null}},"14":{"start":{"line":11,"column":4},"end":{"line":13,"column":null}},"15":{"start":{"line":12,"column":8},"end":{"line":12,"column":null}},"16":{"start":{"line":14,"column":4},"end":{"line":16,"column":null}},"17":{"start":{"line":15,"column":8},"end":{"line":15,"column":null}},"18":{"start":{"line":17,"column":19},"end":{"line":17,"column":null}},"19":{"start":{"line":19,"column":4},"end":{"line":25,"column":null}},"20":{"start":{"line":20,"column":24},"end":{"line":20,"column":33}},"21":{"start":{"line":21,"column":27},"end":{"line":21,"column":null}},"22":{"start":{"line":21,"column":56},"end":{"line":21,"column":73}},"23":{"start":{"line":22,"column":24},"end":{"line":22,"column":null}},"24":{"start":{"line":23,"column":8},"end":{"line":23,"column":null}},"25":{"start":{"line":24,"column":8},"end":{"line":24,"column":null}},"26":{"start":{"line":26,"column":4},"end":{"line":26,"column":null}},"27":{"start":{"line":29,"column":22},"end":{"line":32,"column":null}},"28":{"start":{"line":30,"column":19},"end":{"line":30,"column":null}},"29":{"start":{"line":31,"column":4},"end":{"line":31,"column":null}},"30":{"start":{"line":34,"column":22},"end":{"line":39,"column":null}},"31":{"start":{"line":35,"column":19},"end":{"line":35,"column":29}},"32":{"start":{"line":36,"column":19},"end":{"line":36,"column":null}},"33":{"start":{"line":37,"column":4},"end":{"line":37,"column":null}},"34":{"start":{"line":37,"column":16},"end":{"line":37,"column":null}},"35":{"start":{"line":38,"column":4},"end":{"line":38,"column":null}},"36":{"start":{"line":41,"column":22},"end":{"line":45,"column":null}},"37":{"start":{"line":42,"column":19},"end":{"line":42,"column":29}},"38":{"start":{"line":43,"column":4},"end":{"line":43,"column":null}},"39":{"start":{"line":44,"column":4},"end":{"line":44,"column":null}},"40":{"start":{"line":47,"column":22},"end":{"line":55,"column":null}},"41":{"start":{"line":48,"column":19},"end":{"line":48,"column":29}},"42":{"start":{"line":49,"column":19},"end":{"line":51,"column":null}},"43":{"start":{"line":53,"column":4},"end":{"line":53,"column":null}},"44":{"start":{"line":53,"column":24},"end":{"line":53,"column":null}},"45":{"start":{"line":54,"column":4},"end":{"line":54,"column":null}}},"fnMap":{"0":{"name":"(anonymous_7)","decl":{"start":{"line":8,"column":33},"end":{"line":8,"column":39}},"loc":{"start":{"line":8,"column":44},"end":{"line":27,"column":null}}},"1":{"name":"(anonymous_8)","decl":{"start":{"line":19,"column":19},"end":{"line":19,"column":null}},"loc":{"start":{"line":19,"column":19},"end":{"line":25,"column":null}}},"2":{"name":"(anonymous_9)","decl":{"start":{"line":21,"column":42},"end":{"line":21,"column":43}},"loc":{"start":{"line":21,"column":56},"end":{"line":21,"column":73}}},"3":{"name":"(anonymous_10)","decl":{"start":{"line":29,"column":33},"end":{"line":29,"column":39}},"loc":{"start":{"line":29,"column":44},"end":{"line":32,"column":null}}},"4":{"name":"(anonymous_11)","decl":{"start":{"line":34,"column":33},"end":{"line":34,"column":39}},"loc":{"start":{"line":34,"column":44},"end":{"line":39,"column":null}}},"5":{"name":"(anonymous_12)","decl":{"start":{"line":41,"column":33},"end":{"line":41,"column":39}},"loc":{"start":{"line":41,"column":44},"end":{"line":45,"column":null}}},"6":{"name":"(anonymous_13)","decl":{"start":{"line":47,"column":33},"end":{"line":47,"column":39}},"loc":{"start":{"line":47,"column":44},"end":{"line":55,"column":null}}}},"branchMap":{"0":{"loc":{"start":{"line":11,"column":4},"end":{"line":13,"column":null}},"type":"if","locations":[{"start":{"line":11,"column":4},"end":{"line":13,"column":null}},{"start":{},"end":{}}]},"1":{"loc":{"start":{"line":14,"column":4},"end":{"line":16,"column":null}},"type":"if","locations":[{"start":{"line":14,"column":4},"end":{"line":16,"column":null}},{"start":{},"end":{}}]},"2":{"loc":{"start":{"line":22,"column":24},"end":{"line":22,"column":null}},"type":"cond-expr","locations":[{"start":{"line":22,"column":45},"end":{"line":22,"column":72}},{"start":{"line":22,"column":75},"end":{"line":22,"column":null}}]},"3":{"loc":{"start":{"line":37,"column":4},"end":{"line":37,"column":null}},"type":"if","locations":[{"start":{"line":37,"column":4},"end":{"line":37,"column":null}},{"start":{},"end":{}}]},"4":{"loc":{"start":{"line":53,"column":4},"end":{"line":53,"column":null}},"type":"if","locations":[{"start":{"line":53,"column":4},"end":{"line":53,"column":null}},{"start":{},"end":{}}]}},"s":{"0":5,"1":5,"2":5,"3":5,"4":5,"5":5,"6":5,"7":5,"8":5,"9":5,"10":5,"11":5,"12":1,"13":1,"14":1,"15":0,"16":1,"17":0,"18":1,"19":1,"20":2,"21":2,"22":4,"23":2,"24":2,"25":2,"26":1,"27":5,"28":1,"29":1,"30":5,"31":1,"32":1,"33":1,"34":0,"35":1,"36":5,"37":1,"38":1,"39":1,"40":5,"41":1,"42":1,"43":1,"44":0,"45":1},"f":{"0":1,"1":2,"2":4,"3":1,"4":1,"5":1,"6":1},"b":{"0":[0,1],"1":[0,1],"2":[2,0],"3":[0,1],"4":[0,1]}}
,"C:\\Users\\clios\\OneDrive\\Escritorio\\ Academlo\\NodeJSGen45\\6th_Week\\3th_Class\\booking-app\\src\\controllers\\image.controller.js": {"path":"C:\\Users\\clios\\OneDrive\\Escritorio\\ Academlo\\NodeJSGen45\\6th_Week\\3th_Class\\booking-app\\src\\controllers\\image.controller.js","statementMap":{"0":{"start":{"line":11,"column":13},"end":{"line":11,"column":22}},"1":{"start":{"line":6,"column":13},"end":{"line":6,"column":22}},"2":{"start":{"line":19,"column":13},"end":{"line":19,"column":22}},"3":{"start":{"line":1,"column":27},"end":{"line":1,"column":null}},"4":{"start":{"line":2,"column":18},"end":{"line":2,"column":null}},"5":{"start":{"line":3,"column":18},"end":{"line":3,"column":null}},"6":{"start":{"line":4,"column":63},"end":{"line":4,"column":null}},"7":{"start":{"line":6,"column":22},"end":{"line":9,"column":null}},"8":{"start":{"line":7,"column":20},"end":{"line":7,"column":null}},"9":{"start":{"line":8,"column":4},"end":{"line":8,"column":null}},"10":{"start":{"line":11,"column":22},"end":{"line":17,"column":null}},"11":{"start":{"line":12,"column":24},"end":{"line":12,"column":32}},"12":{"start":{"line":13,"column":31},"end":{"line":13,"column":null}},"13":{"start":{"line":14,"column":4},"end":{"line":14,"column":null}},"14":{"start":{"line":15,"column":18},"end":{"line":15,"column":null}},"15":{"start":{"line":16,"column":4},"end":{"line":16,"column":null}},"16":{"start":{"line":19,"column":22},"end":{"line":26,"column":null}},"17":{"start":{"line":20,"column":19},"end":{"line":20,"column":29}},"18":{"start":{"line":21,"column":18},"end":{"line":21,"column":null}},"19":{"start":{"line":22,"column":4},"end":{"line":22,"column":null}},"20":{"start":{"line":22,"column":16},"end":{"line":22,"column":null}},"21":{"start":{"line":23,"column":4},"end":{"line":23,"column":null}},"22":{"start":{"line":24,"column":4},"end":{"line":24,"column":null}},"23":{"start":{"line":25,"column":4},"end":{"line":25,"column":null}}},"fnMap":{"0":{"name":"(anonymous_5)","decl":{"start":{"line":6,"column":33},"end":{"line":6,"column":39}},"loc":{"start":{"line":6,"column":44},"end":{"line":9,"column":null}}},"1":{"name":"(anonymous_6)","decl":{"start":{"line":11,"column":33},"end":{"line":11,"column":39}},"loc":{"start":{"line":11,"column":44},"end":{"line":17,"column":null}}},"2":{"name":"(anonymous_7)","decl":{"start":{"line":19,"column":33},"end":{"line":19,"column":39}},"loc":{"start":{"line":19,"column":44},"end":{"line":26,"column":null}}}},"branchMap":{"0":{"loc":{"start":{"line":22,"column":4},"end":{"line":22,"column":null}},"type":"if","locations":[{"start":{"line":22,"column":4},"end":{"line":22,"column":null}},{"start":{},"end":{}}]}},"s":{"0":5,"1":5,"2":5,"3":5,"4":5,"5":5,"6":5,"7":5,"8":0,"9":0,"10":5,"11":0,"12":0,"13":0,"14":0,"15":0,"16":5,"17":0,"18":0,"19":0,"20":0,"21":0,"22":0,"23":0},"f":{"0":0,"1":0,"2":0},"b":{"0":[0,0]}}
,"C:\\Users\\clios\\OneDrive\\Escritorio\\ Academlo\\NodeJSGen45\\6th_Week\\3th_Class\\booking-app\\src\\controllers\\review.controller.js": {"path":"C:\\Users\\clios\\OneDrive\\Escritorio\\ Academlo\\NodeJSGen45\\6th_Week\\3th_Class\\booking-app\\src\\controllers\\review.controller.js","statementMap":{"0":{"start":{"line":22,"column":13},"end":{"line":22,"column":22}},"1":{"start":{"line":6,"column":13},"end":{"line":6,"column":22}},"2":{"start":{"line":30,"column":13},"end":{"line":30,"column":22}},"3":{"start":{"line":36,"column":13},"end":{"line":36,"column":22}},"4":{"start":{"line":1,"column":27},"end":{"line":1,"column":null}},"5":{"start":{"line":2,"column":18},"end":{"line":2,"column":null}},"6":{"start":{"line":3,"column":19},"end":{"line":3,"column":null}},"7":{"start":{"line":4,"column":17},"end":{"line":4,"column":null}},"8":{"start":{"line":6,"column":22},"end":{"line":20,"column":null}},"9":{"start":{"line":7,"column":56},"end":{"line":7,"column":65}},"10":{"start":{"line":8,"column":18},"end":{"line":8,"column":null}},"11":{"start":{"line":9,"column":4},"end":{"line":9,"column":null}},"12":{"start":{"line":9,"column":15},"end":{"line":9,"column":null}},"13":{"start":{"line":10,"column":4},"end":{"line":10,"column":null}},"14":{"start":{"line":10,"column":16},"end":{"line":10,"column":null}},"15":{"start":{"line":11,"column":20},"end":{"line":16,"column":null}},"16":{"start":{"line":18,"column":18},"end":{"line":18,"column":null}},"17":{"start":{"line":19,"column":4},"end":{"line":19,"column":null}},"18":{"start":{"line":22,"column":22},"end":{"line":28,"column":null}},"19":{"start":{"line":23,"column":41},"end":{"line":23,"column":null}},"20":{"start":{"line":24,"column":21},"end":{"line":24,"column":29}},"21":{"start":{"line":25,"column":19},"end":{"line":25,"column":26}},"22":{"start":{"line":26,"column":19},"end":{"line":26,"column":null}},"23":{"start":{"line":27,"column":4},"end":{"line":27,"column":null}},"24":{"start":{"line":30,"column":22},"end":{"line":34,"column":null}},"25":{"start":{"line":31,"column":19},"end":{"line":31,"column":29}},"26":{"start":{"line":32,"column":4},"end":{"line":32,"column":null}},"27":{"start":{"line":33,"column":4},"end":{"line":33,"column":null}},"28":{"start":{"line":36,"column":22},"end":{"line":51,"column":null}},"29":{"start":{"line":37,"column":19},"end":{"line":37,"column":29}},"30":{"start":{"line":40,"column":32},"end":{"line":40,"column":null}},"31":{"start":{"line":41,"column":27},"end":{"line":41,"column":null}},"32":{"start":{"line":42,"column":4},"end":{"line":42,"column":null}},"33":{"start":{"line":42,"column":30},"end":{"line":42,"column":null}},"34":{"start":{"line":43,"column":4},"end":{"line":43,"column":null}},"35":{"start":{"line":43,"column":31},"end":{"line":43,"column":null}},"36":{"start":{"line":45,"column":19},"end":{"line":47,"column":null}},"37":{"start":{"line":49,"column":4},"end":{"line":49,"column":null}},"38":{"start":{"line":49,"column":24},"end":{"line":49,"column":null}},"39":{"start":{"line":50,"column":4},"end":{"line":50,"column":null}}},"fnMap":{"0":{"name":"(anonymous_6)","decl":{"start":{"line":6,"column":33},"end":{"line":6,"column":39}},"loc":{"start":{"line":6,"column":44},"end":{"line":20,"column":null}}},"1":{"name":"(anonymous_7)","decl":{"start":{"line":22,"column":33},"end":{"line":22,"column":39}},"loc":{"start":{"line":22,"column":44},"end":{"line":28,"column":null}}},"2":{"name":"(anonymous_8)","decl":{"start":{"line":30,"column":33},"end":{"line":30,"column":39}},"loc":{"start":{"line":30,"column":44},"end":{"line":34,"column":null}}},"3":{"name":"(anonymous_9)","decl":{"start":{"line":36,"column":33},"end":{"line":36,"column":39}},"loc":{"start":{"line":36,"column":44},"end":{"line":51,"column":null}}}},"branchMap":{"0":{"loc":{"start":{"line":7,"column":29},"end":{"line":7,"column":39}},"type":"default-arg","locations":[{"start":{"line":7,"column":37},"end":{"line":7,"column":39}}]},"1":{"loc":{"start":{"line":7,"column":41},"end":{"line":7,"column":51}},"type":"default-arg","locations":[{"start":{"line":7,"column":50},"end":{"line":7,"column":51}}]},"2":{"loc":{"start":{"line":9,"column":4},"end":{"line":9,"column":null}},"type":"if","locations":[{"start":{"line":9,"column":4},"end":{"line":9,"column":null}},{"start":{},"end":{}}]},"3":{"loc":{"start":{"line":10,"column":4},"end":{"line":10,"column":null}},"type":"if","locations":[{"start":{"line":10,"column":4},"end":{"line":10,"column":null}},{"start":{},"end":{}}]},"4":{"loc":{"start":{"line":23,"column":41},"end":{"line":23,"column":null}},"type":"binary-expr","locations":[{"start":{"line":23,"column":41},"end":{"line":23,"column":49}},{"start":{"line":23,"column":53},"end":{"line":23,"column":null}}]},"5":{"loc":{"start":{"line":40,"column":32},"end":{"line":40,"column":null}},"type":"binary-expr","locations":[{"start":{"line":40,"column":32},"end":{"line":40,"column":40}},{"start":{"line":40,"column":44},"end":{"line":40,"column":null}}]},"6":{"loc":{"start":{"line":42,"column":4},"end":{"line":42,"column":null}},"type":"if","locations":[{"start":{"line":42,"column":4},"end":{"line":42,"column":null}},{"start":{},"end":{}}]},"7":{"loc":{"start":{"line":43,"column":4},"end":{"line":43,"column":null}},"type":"if","locations":[{"start":{"line":43,"column":4},"end":{"line":43,"column":null}},{"start":{},"end":{}}]},"8":{"loc":{"start":{"line":49,"column":4},"end":{"line":49,"column":null}},"type":"if","locations":[{"start":{"line":49,"column":4},"end":{"line":49,"column":null}},{"start":{},"end":{}}]}},"s":{"0":5,"1":5,"2":5,"3":5,"4":5,"5":5,"6":5,"7":5,"8":5,"9":1,"10":1,"11":1,"12":0,"13":1,"14":0,"15":1,"16":1,"17":1,"18":5,"19":1,"20":1,"21":1,"22":1,"23":1,"24":5,"25":1,"26":1,"27":1,"28":5,"29":1,"30":1,"31":1,"32":1,"33":1,"34":1,"35":1,"36":1,"37":1,"38":0,"39":1},"f":{"0":1,"1":1,"2":1,"3":1},"b":{"0":[1],"1":[1],"2":[0,1],"3":[0,1],"4":[1,0],"5":[1,0],"6":[1,0],"7":[1,0],"8":[0,1]}}
,"C:\\Users\\clios\\OneDrive\\Escritorio\\ Academlo\\NodeJSGen45\\6th_Week\\3th_Class\\booking-app\\src\\controllers\\user.controller.js": {"path":"C:\\Users\\clios\\OneDrive\\Escritorio\\ Academlo\\NodeJSGen45\\6th_Week\\3th_Class\\booking-app\\src\\controllers\\user.controller.js","statementMap":{"0":{"start":{"line":11,"column":13},"end":{"line":11,"column":22}},"1":{"start":{"line":6,"column":13},"end":{"line":6,"column":22}},"2":{"start":{"line":33,"column":13},"end":{"line":33,"column":21}},"3":{"start":{"line":16,"column":13},"end":{"line":16,"column":22}},"4":{"start":{"line":22,"column":13},"end":{"line":22,"column":22}},"5":{"start":{"line":1,"column":16},"end":{"line":1,"column":null}},"6":{"start":{"line":2,"column":27},"end":{"line":2,"column":null}},"7":{"start":{"line":3,"column":17},"end":{"line":3,"column":null}},"8":{"start":{"line":4,"column":20},"end":{"line":4,"column":null}},"9":{"start":{"line":6,"column":22},"end":{"line":9,"column":null}},"10":{"start":{"line":7,"column":20},"end":{"line":7,"column":null}},"11":{"start":{"line":8,"column":4},"end":{"line":8,"column":null}},"12":{"start":{"line":11,"column":22},"end":{"line":14,"column":null}},"13":{"start":{"line":12,"column":19},"end":{"line":12,"column":null}},"14":{"start":{"line":13,"column":4},"end":{"line":13,"column":null}},"15":{"start":{"line":16,"column":22},"end":{"line":20,"column":null}},"16":{"start":{"line":17,"column":19},"end":{"line":17,"column":29}},"17":{"start":{"line":18,"column":4},"end":{"line":18,"column":null}},"18":{"start":{"line":19,"column":4},"end":{"line":19,"column":null}},"19":{"start":{"line":22,"column":22},"end":{"line":31,"column":null}},"20":{"start":{"line":23,"column":19},"end":{"line":23,"column":29}},"21":{"start":{"line":24,"column":37},"end":{"line":24,"column":45}},"22":{"start":{"line":25,"column":19},"end":{"line":27,"column":null}},"23":{"start":{"line":29,"column":4},"end":{"line":29,"column":null}},"24":{"start":{"line":29,"column":24},"end":{"line":29,"column":null}},"25":{"start":{"line":30,"column":4},"end":{"line":30,"column":null}},"26":{"start":{"line":33,"column":21},"end":{"line":40,"column":null}},"27":{"start":{"line":34,"column":32},"end":{"line":34,"column":40}},"28":{"start":{"line":35,"column":17},"end":{"line":35,"column":null}},"29":{"start":{"line":36,"column":20},"end":{"line":36,"column":null}},"30":{"start":{"line":37,"column":4},"end":{"line":37,"column":null}},"31":{"start":{"line":37,"column":17},"end":{"line":37,"column":null}},"32":{"start":{"line":38,"column":18},"end":{"line":38,"column":null}},"33":{"start":{"line":39,"column":4},"end":{"line":39,"column":null}}},"fnMap":{"0":{"name":"(anonymous_7)","decl":{"start":{"line":6,"column":33},"end":{"line":6,"column":39}},"loc":{"start":{"line":6,"column":44},"end":{"line":9,"column":null}}},"1":{"name":"(anonymous_8)","decl":{"start":{"line":11,"column":33},"end":{"line":11,"column":39}},"loc":{"start":{"line":11,"column":44},"end":{"line":14,"column":null}}},"2":{"name":"(anonymous_9)","decl":{"start":{"line":16,"column":33},"end":{"line":16,"column":39}},"loc":{"start":{"line":16,"column":44},"end":{"line":20,"column":null}}},"3":{"name":"(anonymous_10)","decl":{"start":{"line":22,"column":33},"end":{"line":22,"column":39}},"loc":{"start":{"line":22,"column":44},"end":{"line":31,"column":null}}},"4":{"name":"(anonymous_11)","decl":{"start":{"line":33,"column":32},"end":{"line":33,"column":39}},"loc":{"start":{"line":33,"column":44},"end":{"line":40,"column":null}}}},"branchMap":{"0":{"loc":{"start":{"line":29,"column":4},"end":{"line":29,"column":null}},"type":"if","locations":[{"start":{"line":29,"column":4},"end":{"line":29,"column":null}},{"start":{},"end":{}}]},"1":{"loc":{"start":{"line":36,"column":20},"end":{"line":36,"column":null}},"type":"binary-expr","locations":[{"start":{"line":36,"column":20},"end":{"line":36,"column":28}},{"start":{"line":36,"column":28},"end":{"line":36,"column":null}}]},"2":{"loc":{"start":{"line":37,"column":4},"end":{"line":37,"column":null}},"type":"if","locations":[{"start":{"line":37,"column":4},"end":{"line":37,"column":null}},{"start":{},"end":{}}]}},"s":{"0":5,"1":5,"2":5,"3":5,"4":5,"5":5,"6":5,"7":5,"8":5,"9":5,"10":1,"11":1,"12":5,"13":1,"14":1,"15":5,"16":1,"17":1,"18":1,"19":5,"20":1,"21":1,"22":1,"23":1,"24":0,"25":1,"26":5,"27":5,"28":5,"29":5,"30":5,"31":0,"32":5,"33":5},"f":{"0":1,"1":1,"2":1,"3":1,"4":5},"b":{"0":[0,1],"1":[5,5],"2":[0,5]}}
,"C:\\Users\\clios\\OneDrive\\Escritorio\\ Academlo\\NodeJSGen45\\6th_Week\\3th_Class\\booking-app\\src\\db\\connect.js": {"path":"C:\\Users\\clios\\OneDrive\\Escritorio\\ Academlo\\NodeJSGen45\\6th_Week\\3th_Class\\booking-app\\src\\db\\connect.js","statementMap":{"0":{"start":{"line":9,"column":13},"end":{"line":9,"column":25}},"1":{"start":{"line":16,"column":0},"end":{"line":16,"column":15}},"2":{"start":{"line":1,"column":26},"end":{"line":1,"column":null}},"3":{"start":{"line":2,"column":20},"end":{"line":2,"column":null}},"4":{"start":{"line":4,"column":18},"end":{"line":7,"column":null}},"5":{"start":{"line":9,"column":25},"end":{"line":14,"column":null}},"6":{"start":{"line":10,"column":2},"end":{"line":10,"column":null}},"7":{"start":{"line":11,"column":2},"end":{"line":11,"column":null}},"8":{"start":{"line":12,"column":2},"end":{"line":12,"column":null}},"9":{"start":{"line":13,"column":2},"end":{"line":13,"column":null}},"10":{"start":{"line":16,"column":15},"end":{"line":16,"column":null}}},"fnMap":{"0":{"name":"(anonymous_3)","decl":{"start":{"line":9,"column":25},"end":{"line":9,"column":null}},"loc":{"start":{"line":9,"column":25},"end":{"line":14,"column":null}}}},"branchMap":{},"s":{"0":0,"1":40,"2":5,"3":5,"4":5,"5":5,"6":0,"7":0,"8":0,"9":0,"10":5},"f":{"0":0},"b":{}}
,"C:\\Users\\clios\\OneDrive\\Escritorio\\ Academlo\\NodeJSGen45\\6th_Week\\3th_Class\\booking-app\\src\\lib\\utils.js": {"path":"C:\\Users\\clios\\OneDrive\\Escritorio\\ Academlo\\NodeJSGen45\\6th_Week\\3th_Class\\booking-app\\src\\lib\\utils.js","statementMap":{"0":{"start":{"line":1,"column":13},"end":{"line":1,"column":40}},"1":{"start":{"line":1,"column":40},"end":{"line":37,"column":null}},"2":{"start":{"line":2,"column":2},"end":{"line":2,"column":null}},"3":{"start":{"line":2,"column":14},"end":{"line":2,"column":null}},"4":{"start":{"line":5,"column":2},"end":{"line":7,"column":null}},"5":{"start":{"line":10,"column":2},"end":{"line":36,"column":null}},"6":{"start":{"line":12,"column":18},"end":{"line":12,"column":null}},"7":{"start":{"line":13,"column":4},"end":{"line":13,"column":null}},"8":{"start":{"line":13,"column":26},"end":{"line":13,"column":null}},"9":{"start":{"line":15,"column":13},"end":{"line":15,"column":21}},"10":{"start":{"line":18,"column":4},"end":{"line":18,"column":null}},"11":{"start":{"line":22,"column":4},"end":{"line":25,"column":null}},"12":{"start":{"line":23,"column":6},"end":{"line":23,"column":null}},"13":{"start":{"line":24,"column":6},"end":{"line":24,"column":39}},"14":{"start":{"line":28,"column":4},"end":{"line":28,"column":null}},"15":{"start":{"line":31,"column":4},"end":{"line":31,"column":null}},"16":{"start":{"line":33,"column":4},"end":{"line":33,"column":null}},"17":{"start":{"line":35,"column":4},"end":{"line":35,"column":null}}},"fnMap":{"0":{"name":"(anonymous_1)","decl":{"start":{"line":1,"column":40},"end":{"line":1,"column":41}},"loc":{"start":{"line":1,"column":41},"end":{"line":37,"column":null}}}},"branchMap":{"0":{"loc":{"start":{"line":2,"column":2},"end":{"line":2,"column":null}},"type":"if","locations":[{"start":{"line":2,"column":2},"end":{"line":2,"column":null}},{"start":{},"end":{}}]},"1":{"loc":{"start":{"line":5,"column":2},"end":{"line":7,"column":null}},"type":"if","locations":[{"start":{"line":5,"column":2},"end":{"line":7,"column":null}},{"start":{},"end":{}}]},"2":{"loc":{"start":{"line":5,"column":6},"end":{"line":5,"column":61}},"type":"binary-expr","locations":[{"start":{"line":5,"column":6},"end":{"line":5,"column":33}},{"start":{"line":5,"column":33},"end":{"line":5,"column":61}}]},"3":{"loc":{"start":{"line":13,"column":4},"end":{"line":13,"column":null}},"type":"if","locations":[{"start":{"line":13,"column":4},"end":{"line":13,"column":null}},{"start":{},"end":{}}]},"4":{"loc":{"start":{"line":22,"column":4},"end":{"line":25,"column":null}},"type":"if","locations":[{"start":{"line":22,"column":4},"end":{"line":25,"column":null}},{"start":{},"end":{}}]}},"s":{"0":0,"1":5,"2":0,"3":0,"4":0,"5":0,"6":0,"7":0,"8":0,"9":0,"10":0,"11":0,"12":0,"13":0,"14":0,"15":0,"16":0,"17":0},"f":{"0":0},"b":{"0":[0,0],"1":[0,0],"2":[0,0],"3":[0,0],"4":[0,0]}}
,"C:\\Users\\clios\\OneDrive\\Escritorio\\ Academlo\\NodeJSGen45\\6th_Week\\3th_Class\\booking-app\\src\\middlewares\\auth.js": {"path":"C:\\Users\\clios\\OneDrive\\Escritorio\\ Academlo\\NodeJSGen45\\6th_Week\\3th_Class\\booking-app\\src\\middlewares\\auth.js","statementMap":{"0":{"start":{"line":4,"column":13},"end":{"line":4,"column":20}},"1":{"start":{"line":1,"column":16},"end":{"line":1,"column":null}},"2":{"start":{"line":2,"column":20},"end":{"line":2,"column":null}},"3":{"start":{"line":4,"column":20},"end":{"line":13,"column":null}},"4":{"start":{"line":5,"column":19},"end":{"line":5,"column":44}},"5":{"start":{"line":6,"column":18},"end":{"line":6,"column":48}},"6":{"start":{"line":7,"column":4},"end":{"line":7,"column":null}},"7":{"start":{"line":7,"column":16},"end":{"line":7,"column":null}},"8":{"start":{"line":8,"column":4},"end":{"line":12,"column":null}},"9":{"start":{"line":9,"column":8},"end":{"line":9,"column":null}},"10":{"start":{"line":9,"column":17},"end":{"line":9,"column":null}},"11":{"start":{"line":10,"column":8},"end":{"line":10,"column":null}},"12":{"start":{"line":11,"column":8},"end":{"line":11,"column":null}}},"fnMap":{"0":{"name":"(anonymous_2)","decl":{"start":{"line":4,"column":20},"end":{"line":4,"column":27}},"loc":{"start":{"line":4,"column":37},"end":{"line":13,"column":null}}},"1":{"name":"(anonymous_3)","decl":{"start":{"line":8,"column":38},"end":{"line":8,"column":39}},"loc":{"start":{"line":8,"column":44},"end":{"line":12,"column":null}}}},"branchMap":{"0":{"loc":{"start":{"line":6,"column":18},"end":{"line":6,"column":48}},"type":"binary-expr","locations":[{"start":{"line":6,"column":18},"end":{"line":6,"column":28}},{"start":{"line":6,"column":28},"end":{"line":6,"column":48}}]},"1":{"loc":{"start":{"line":7,"column":4},"end":{"line":7,"column":null}},"type":"if","locations":[{"start":{"line":7,"column":4},"end":{"line":7,"column":null}},{"start":{},"end":{}}]},"2":{"loc":{"start":{"line":9,"column":8},"end":{"line":9,"column":null}},"type":"if","locations":[{"start":{"line":9,"column":8},"end":{"line":9,"column":null}},{"start":{},"end":{}}]}},"s":{"0":95,"1":5,"2":5,"3":5,"4":16,"5":16,"6":16,"7":0,"8":16,"9":16,"10":0,"11":16,"12":16},"f":{"0":16,"1":16},"b":{"0":[16,16],"1":[0,16],"2":[0,16]}}
,"C:\\Users\\clios\\OneDrive\\Escritorio\\ Academlo\\NodeJSGen45\\6th_Week\\3th_Class\\booking-app\\src\\middlewares\\catchError.js": {"path":"C:\\Users\\clios\\OneDrive\\Escritorio\\ Academlo\\NodeJSGen45\\6th_Week\\3th_Class\\booking-app\\src\\middlewares\\catchError.js","statementMap":{"0":{"start":{"line":1,"column":13},"end":{"line":1,"column":26}},"1":{"start":{"line":1,"column":26},"end":{"line":5,"column":null}},"2":{"start":{"line":2,"column":2},"end":{"line":4,"column":null}},"3":{"start":{"line":3,"column":4},"end":{"line":3,"column":null}}},"fnMap":{"0":{"name":"(anonymous_1)","decl":{"start":{"line":1,"column":26},"end":{"line":1,"column":27}},"loc":{"start":{"line":1,"column":27},"end":{"line":5,"column":null}}},"1":{"name":"(anonymous_2)","decl":{"start":{"line":2,"column":9},"end":{"line":2,"column":10}},"loc":{"start":{"line":2,"column":20},"end":{"line":4,"column":null}}}},"branchMap":{},"s":{"0":125,"1":5,"2":125,"3":26},"f":{"0":125,"1":26},"b":{}}
,"C:\\Users\\clios\\OneDrive\\Escritorio\\ Academlo\\NodeJSGen45\\6th_Week\\3th_Class\\booking-app\\src\\middlewares\\errorHandler.js": {"path":"C:\\Users\\clios\\OneDrive\\Escritorio\\ Academlo\\NodeJSGen45\\6th_Week\\3th_Class\\booking-app\\src\\middlewares\\errorHandler.js","statementMap":{"0":{"start":{"line":1,"column":13},"end":{"line":1,"column":28}},"1":{"start":{"line":1,"column":28},"end":{"line":24,"column":null}},"2":{"start":{"line":2,"column":2},"end":{"line":8,"column":null}},"3":{"start":{"line":3,"column":19},"end":{"line":3,"column":null}},"4":{"start":{"line":4,"column":4},"end":{"line":6,"column":null}},"5":{"start":{"line":5,"column":6},"end":{"line":5,"column":null}},"6":{"start":{"line":7,"column":4},"end":{"line":7,"column":null}},"7":{"start":{"line":9,"column":2},"end":{"line":14,"column":null}},"8":{"start":{"line":10,"column":4},"end":{"line":13,"column":null}},"9":{"start":{"line":15,"column":2},"end":{"line":19,"column":null}},"10":{"start":{"line":16,"column":4},"end":{"line":18,"column":null}},"11":{"start":{"line":20,"column":2},"end":{"line":23,"column":null}}},"fnMap":{"0":{"name":"(anonymous_1)","decl":{"start":{"line":1,"column":28},"end":{"line":1,"column":29}},"loc":{"start":{"line":1,"column":44},"end":{"line":24,"column":null}}},"1":{"name":"(anonymous_2)","decl":{"start":{"line":4,"column":19},"end":{"line":4,"column":null}},"loc":{"start":{"line":4,"column":19},"end":{"line":6,"column":null}}}},"branchMap":{"0":{"loc":{"start":{"line":2,"column":2},"end":{"line":8,"column":null}},"type":"if","locations":[{"start":{"line":2,"column":2},"end":{"line":8,"column":null}},{"start":{},"end":{}}]},"1":{"loc":{"start":{"line":9,"column":2},"end":{"line":14,"column":null}},"type":"if","locations":[{"start":{"line":9,"column":2},"end":{"line":14,"column":null}},{"start":{},"end":{}}]},"2":{"loc":{"start":{"line":15,"column":2},"end":{"line":19,"column":null}},"type":"if","locations":[{"start":{"line":15,"column":2},"end":{"line":19,"column":null}},{"start":{},"end":{}}]}},"s":{"0":5,"1":5,"2":0,"3":0,"4":0,"5":0,"6":0,"7":0,"8":0,"9":0,"10":0,"11":0},"f":{"0":0,"1":0},"b":{"0":[0,0],"1":[0,0],"2":[0,0]}}
,"C:\\Users\\clios\\OneDrive\\Escritorio\\ Academlo\\NodeJSGen45\\6th_Week\\3th_Class\\booking-app\\src\\middlewares\\rateLimit.js": {"path":"C:\\Users\\clios\\OneDrive\\Escritorio\\ Academlo\\NodeJSGen45\\6th_Week\\3th_Class\\booking-app\\src\\middlewares\\rateLimit.js","statementMap":{"0":{"start":{"line":3,"column":13},"end":{"line":3,"column":26}},"1":{"start":{"line":1,"column":22},"end":{"line":1,"column":null}},"2":{"start":{"line":3,"column":26},"end":{"line":13,"column":null}},"3":{"start":{"line":7,"column":14},"end":{"line":7,"column":null}}},"fnMap":{"0":{"name":"(anonymous_2)","decl":{"start":{"line":7,"column":8},"end":{"line":7,"column":14}},"loc":{"start":{"line":7,"column":14},"end":{"line":7,"column":null}}}},"branchMap":{"0":{"loc":{"start":{"line":5,"column":7},"end":{"line":5,"column":null}},"type":"cond-expr","locations":[{"start":{"line":5,"column":43},"end":{"line":5,"column":47}},{"start":{"line":5,"column":47},"end":{"line":5,"column":null}}]}},"s":{"0":55,"1":5,"2":5,"3":64},"f":{"0":64},"b":{"0":[5,0]}}
,"C:\\Users\\clios\\OneDrive\\Escritorio\\ Academlo\\NodeJSGen45\\6th_Week\\3th_Class\\booking-app\\src\\middlewares\\upload.js": {"path":"C:\\Users\\clios\\OneDrive\\Escritorio\\ Academlo\\NodeJSGen45\\6th_Week\\3th_Class\\booking-app\\src\\middlewares\\upload.js","statementMap":{"0":{"start":{"line":17,"column":0},"end":{"line":17,"column":15}},"1":{"start":{"line":1,"column":19},"end":{"line":1,"column":null}},"2":{"start":{"line":3,"column":16},"end":{"line":3,"column":null}},"3":{"start":{"line":5,"column":15},"end":{"line":15,"column":null}},"4":{"start":{"line":9,"column":8},"end":{"line":13,"column":null}},"5":{"start":{"line":10,"column":12},"end":{"line":10,"column":null}},"6":{"start":{"line":12,"column":12},"end":{"line":12,"column":null}},"7":{"start":{"line":17,"column":15},"end":{"line":17,"column":null}}},"fnMap":{"0":{"name":"(anonymous_2)","decl":{"start":{"line":8,"column":16},"end":{"line":8,"column":17}},"loc":{"start":{"line":8,"column":28},"end":{"line":14,"column":null}}}},"branchMap":{"0":{"loc":{"start":{"line":9,"column":8},"end":{"line":13,"column":null}},"type":"if","locations":[{"start":{"line":9,"column":8},"end":{"line":13,"column":null}},{"start":{"line":11,"column":15},"end":{"line":13,"column":null}}]}},"s":{"0":5,"1":5,"2":5,"3":5,"4":0,"5":0,"6":0,"7":5},"f":{"0":0},"b":{"0":[0,0]}}
,"C:\\Users\\clios\\OneDrive\\Escritorio\\ Academlo\\NodeJSGen45\\6th_Week\\3th_Class\\booking-app\\src\\models\\Image.model.js": {"path":"C:\\Users\\clios\\OneDrive\\Escritorio\\ Academlo\\NodeJSGen45\\6th_Week\\3th_Class\\booking-app\\src\\models\\Image.model.js","statementMap":{"0":{"start":{"line":5,"column":13},"end":{"line":5,"column":21}},"1":{"start":{"line":15,"column":0},"end":{"line":15,"column":15}},"2":{"start":{"line":1,"column":15},"end":{"line":1,"column":null}},"3":{"start":{"line":2,"column":26},"end":{"line":2,"column":null}},"4":{"start":{"line":3,"column":18},"end":{"line":3,"column":null}},"5":{"start":{"line":5,"column":21},"end":{"line":10,"column":null}},"6":{"start":{"line":12,"column":0},"end":{"line":12,"column":null}},"7":{"start":{"line":13,"column":0},"end":{"line":13,"column":null}},"8":{"start":{"line":15,"column":15},"end":{"line":15,"column":null}}},"fnMap":{},"branchMap":{},"s":{"0":0,"1":1,"2":5,"3":5,"4":5,"5":5,"6":5,"7":5,"8":5},"f":{},"b":{}}
,"C:\\Users\\clios\\OneDrive\\Escritorio\\ Academlo\\NodeJSGen45\\6th_Week\\3th_Class\\booking-app\\src\\models\\booking.model.js": {"path":"C:\\Users\\clios\\OneDrive\\Escritorio\\ Academlo\\NodeJSGen45\\6th_Week\\3th_Class\\booking-app\\src\\models\\booking.model.js","statementMap":{"0":{"start":{"line":6,"column":13},"end":{"line":6,"column":23}},"1":{"start":{"line":23,"column":0},"end":{"line":23,"column":15}},"2":{"start":{"line":1,"column":15},"end":{"line":1,"column":null}},"3":{"start":{"line":2,"column":26},"end":{"line":2,"column":null}},"4":{"start":{"line":3,"column":17},"end":{"line":3,"column":null}},"5":{"start":{"line":4,"column":18},"end":{"line":4,"column":null}},"6":{"start":{"line":6,"column":23},"end":{"line":15,"column":null}},"7":{"start":{"line":17,"column":0},"end":{"line":17,"column":null}},"8":{"start":{"line":18,"column":0},"end":{"line":18,"column":null}},"9":{"start":{"line":20,"column":0},"end":{"line":20,"column":null}},"10":{"start":{"line":21,"column":0},"end":{"line":21,"column":null}},"11":{"start":{"line":23,"column":15},"end":{"line":23,"column":null}}},"fnMap":{},"branchMap":{},"s":{"0":0,"1":5,"2":5,"3":5,"4":5,"5":5,"6":5,"7":5,"8":5,"9":5,"10":5,"11":5},"f":{},"b":{}}
,"C:\\Users\\clios\\OneDrive\\Escritorio\\ Academlo\\NodeJSGen45\\6th_Week\\3th_Class\\booking-app\\src\\models\\city.model.js": {"path":"C:\\Users\\clios\\OneDrive\\Escritorio\\ Academlo\\NodeJSGen45\\6th_Week\\3th_Class\\booking-app\\src\\models\\city.model.js","statementMap":{"0":{"start":{"line":4,"column":13},"end":{"line":4,"column":20}},"1":{"start":{"line":19,"column":0},"end":{"line":19,"column":15}},"2":{"start":{"line":1,"column":15},"end":{"line":1,"column":null}},"3":{"start":{"line":2,"column":26},"end":{"line":2,"column":null}},"4":{"start":{"line":4,"column":20},"end":{"line":17,"column":null}},"5":{"start":{"line":19,"column":15},"end":{"line":19,"column":null}}},"fnMap":{},"branchMap":{},"s":{"0":0,"1":16,"2":5,"3":5,"4":5,"5":5},"f":{},"b":{}}
,"C:\\Users\\clios\\OneDrive\\Escritorio\\ Academlo\\NodeJSGen45\\6th_Week\\3th_Class\\booking-app\\src\\models\\hotel.model.js": {"path":"C:\\Users\\clios\\OneDrive\\Escritorio\\ Academlo\\NodeJSGen45\\6th_Week\\3th_Class\\booking-app\\src\\models\\hotel.model.js","statementMap":{"0":{"start":{"line":5,"column":13},"end":{"line":5,"column":21}},"1":{"start":{"line":48,"column":0},"end":{"line":48,"column":15}},"2":{"start":{"line":1,"column":15},"end":{"line":1,"column":null}},"3":{"start":{"line":2,"column":26},"end":{"line":2,"column":null}},"4":{"start":{"line":3,"column":17},"end":{"line":3,"column":null}},"5":{"start":{"line":5,"column":21},"end":{"line":43,"column":null}},"6":{"start":{"line":45,"column":0},"end":{"line":45,"column":null}},"7":{"start":{"line":46,"column":0},"end":{"line":46,"column":null}},"8":{"start":{"line":48,"column":15},"end":{"line":48,"column":null}}},"fnMap":{},"branchMap":{},"s":{"0":0,"1":38,"2":5,"3":5,"4":5,"5":5,"6":5,"7":5,"8":5},"f":{},"b":{}}
,"C:\\Users\\clios\\OneDrive\\Escritorio\\ Academlo\\NodeJSGen45\\6th_Week\\3th_Class\\booking-app\\src\\models\\review.model.js": {"path":"C:\\Users\\clios\\OneDrive\\Escritorio\\ Academlo\\NodeJSGen45\\6th_Week\\3th_Class\\booking-app\\src\\models\\review.model.js","statementMap":{"0":{"start":{"line":6,"column":13},"end":{"line":6,"column":22}},"1":{"start":{"line":23,"column":0},"end":{"line":23,"column":15}},"2":{"start":{"line":1,"column":15},"end":{"line":1,"column":null}},"3":{"start":{"line":2,"column":26},"end":{"line":2,"column":null}},"4":{"start":{"line":3,"column":17},"end":{"line":3,"column":null}},"5":{"start":{"line":4,"column":18},"end":{"line":4,"column":null}},"6":{"start":{"line":6,"column":22},"end":{"line":15,"column":null}},"7":{"start":{"line":17,"column":0},"end":{"line":17,"column":null}},"8":{"start":{"line":18,"column":0},"end":{"line":18,"column":null}},"9":{"start":{"line":20,"column":0},"end":{"line":20,"column":null}},"10":{"start":{"line":21,"column":0},"end":{"line":21,"column":null}},"11":{"start":{"line":23,"column":15},"end":{"line":23,"column":null}}},"fnMap":{},"branchMap":{},"s":{"0":0,"1":6,"2":5,"3":5,"4":5,"5":5,"6":5,"7":5,"8":5,"9":5,"10":5,"11":5},"f":{},"b":{}}
,"C:\\Users\\clios\\OneDrive\\Escritorio\\ Academlo\\NodeJSGen45\\6th_Week\\3th_Class\\booking-app\\src\\models\\user.model.js": {"path":"C:\\Users\\clios\\OneDrive\\Escritorio\\ Academlo\\NodeJSGen45\\6th_Week\\3th_Class\\booking-app\\src\\models\\user.model.js","statementMap":{"0":{"start":{"line":5,"column":13},"end":{"line":5,"column":20}},"1":{"start":{"line":43,"column":0},"end":{"line":43,"column":15}},"2":{"start":{"line":1,"column":19},"end":{"line":1,"column":null}},"3":{"start":{"line":2,"column":15},"end":{"line":2,"column":null}},"4":{"start":{"line":3,"column":26},"end":{"line":3,"column":null}},"5":{"start":{"line":5,"column":20},"end":{"line":27,"column":null}},"6":{"start":{"line":29,"column":0},"end":{"line":31,"column":null}},"7":{"start":{"line":30,"column":4},"end":{"line":30,"column":null}},"8":{"start":{"line":30,"column":23},"end":{"line":30,"column":null}},"9":{"start":{"line":33,"column":0},"end":{"line":35,"column":null}},"10":{"start":{"line":34,"column":4},"end":{"line":34,"column":null}},"11":{"start":{"line":37,"column":0},"end":{"line":41,"column":null}},"12":{"start":{"line":38,"column":19},"end":{"line":38,"column":null}},"13":{"start":{"line":39,"column":4},"end":{"line":39,"column":null}},"14":{"start":{"line":40,"column":4},"end":{"line":40,"column":null}},"15":{"start":{"line":43,"column":15},"end":{"line":43,"column":null}}},"fnMap":{"0":{"name":"(anonymous_4)","decl":{"start":{"line":29,"column":18},"end":{"line":29,"column":24}},"loc":{"start":{"line":29,"column":24},"end":{"line":31,"column":null}}},"1":{"name":"(anonymous_5)","decl":{"start":{"line":33,"column":25},"end":{"line":33,"column":41}},"loc":{"start":{"line":33,"column":49},"end":{"line":35,"column":null}}},"2":{"name":"(anonymous_6)","decl":{"start":{"line":37,"column":24},"end":{"line":37,"column":null}},"loc":{"start":{"line":37,"column":24},"end":{"line":41,"column":null}}}},"branchMap":{"0":{"loc":{"start":{"line":30,"column":4},"end":{"line":30,"column":null}},"type":"if","locations":[{"start":{"line":30,"column":4},"end":{"line":30,"column":null}},{"start":{},"end":{}}]}},"s":{"0":0,"1":31,"2":5,"3":5,"4":5,"5":5,"6":5,"7":1,"8":1,"9":5,"10":5,"11":5,"12":15,"13":15,"14":15,"15":5},"f":{"0":1,"1":5,"2":15},"b":{"0":[1,0]}}
,"C:\\Users\\clios\\OneDrive\\Escritorio\\ Academlo\\NodeJSGen45\\6th_Week\\3th_Class\\booking-app\\src\\routes\\booking.route.js": {"path":"C:\\Users\\clios\\OneDrive\\Escritorio\\ Academlo\\NodeJSGen45\\6th_Week\\3th_Class\\booking-app\\src\\routes\\booking.route.js","statementMap":{"0":{"start":{"line":17,"column":0},"end":{"line":17,"column":15}},"1":{"start":{"line":1,"column":47},"end":{"line":1,"column":null}},"2":{"start":{"line":2,"column":21},"end":{"line":2,"column":null}},"3":{"start":{"line":3,"column":21},"end":{"line":3,"column":null}},"4":{"start":{"line":4,"column":27},"end":{"line":4,"column":null}},"5":{"start":{"line":6,"column":15},"end":{"line":6,"column":null}},"6":{"start":{"line":7,"column":0},"end":{"line":7,"column":null}},"7":{"start":{"line":9,"column":0},"end":{"line":11,"column":null}},"8":{"start":{"line":13,"column":0},"end":{"line":15,"column":null}},"9":{"start":{"line":17,"column":15},"end":{"line":17,"column":null}}},"fnMap":{},"branchMap":{},"s":{"0":5,"1":5,"2":5,"3":5,"4":5,"5":5,"6":5,"7":5,"8":5,"9":5},"f":{},"b":{}}
,"C:\\Users\\clios\\OneDrive\\Escritorio\\ Academlo\\NodeJSGen45\\6th_Week\\3th_Class\\booking-app\\src\\routes\\city.route.js": {"path":"C:\\Users\\clios\\OneDrive\\Escritorio\\ Academlo\\NodeJSGen45\\6th_Week\\3th_Class\\booking-app\\src\\routes\\city.route.js","statementMap":{"0":{"start":{"line":17,"column":0},"end":{"line":17,"column":15}},"1":{"start":{"line":1,"column":47},"end":{"line":1,"column":null}},"2":{"start":{"line":2,"column":21},"end":{"line":2,"column":null}},"3":{"start":{"line":3,"column":21},"end":{"line":3,"column":null}},"4":{"start":{"line":4,"column":27},"end":{"line":4,"column":null}},"5":{"start":{"line":6,"column":15},"end":{"line":6,"column":null}},"6":{"start":{"line":7,"column":0},"end":{"line":7,"column":null}},"7":{"start":{"line":9,"column":0},"end":{"line":11,"column":null}},"8":{"start":{"line":13,"column":0},"end":{"line":15,"column":null}},"9":{"start":{"line":17,"column":15},"end":{"line":17,"column":null}}},"fnMap":{},"branchMap":{},"s":{"0":5,"1":5,"2":5,"3":5,"4":5,"5":5,"6":5,"7":5,"8":5,"9":5},"f":{},"b":{}}
,"C:\\Users\\clios\\OneDrive\\Escritorio\\ Academlo\\NodeJSGen45\\6th_Week\\3th_Class\\booking-app\\src\\routes\\hotel.route.js": {"path":"C:\\Users\\clios\\OneDrive\\Escritorio\\ Academlo\\NodeJSGen45\\6th_Week\\3th_Class\\booking-app\\src\\routes\\hotel.route.js","statementMap":{"0":{"start":{"line":18,"column":0},"end":{"line":18,"column":15}},"1":{"start":{"line":1,"column":55},"end":{"line":1,"column":null}},"2":{"start":{"line":2,"column":21},"end":{"line":2,"column":null}},"3":{"start":{"line":3,"column":21},"end":{"line":3,"column":null}},"4":{"start":{"line":4,"column":27},"end":{"line":4,"column":null}},"5":{"start":{"line":6,"column":15},"end":{"line":6,"column":null}},"6":{"start":{"line":7,"column":0},"end":{"line":7,"column":null}},"7":{"start":{"line":9,"column":0},"end":{"line":11,"column":null}},"8":{"start":{"line":13,"column":0},"end":{"line":16,"column":null}},"9":{"start":{"line":18,"column":15},"end":{"line":18,"column":null}}},"fnMap":{},"branchMap":{},"s":{"0":5,"1":5,"2":5,"3":5,"4":5,"5":5,"6":5,"7":5,"8":5,"9":5},"f":{},"b":{}}
,"C:\\Users\\clios\\OneDrive\\Escritorio\\ Academlo\\NodeJSGen45\\6th_Week\\3th_Class\\booking-app\\src\\routes\\image.route.js": {"path":"C:\\Users\\clios\\OneDrive\\Escritorio\\ Academlo\\NodeJSGen45\\6th_Week\\3th_Class\\booking-app\\src\\routes\\image.route.js","statementMap":{"0":{"start":{"line":15,"column":0},"end":{"line":15,"column":15}},"1":{"start":{"line":1,"column":39},"end":{"line":1,"column":null}},"2":{"start":{"line":2,"column":21},"end":{"line":2,"column":null}},"3":{"start":{"line":3,"column":21},"end":{"line":3,"column":null}},"4":{"start":{"line":4,"column":19},"end":{"line":4,"column":null}},"5":{"start":{"line":6,"column":15},"end":{"line":6,"column":null}},"6":{"start":{"line":8,"column":0},"end":{"line":10,"column":null}},"7":{"start":{"line":12,"column":0},"end":{"line":13,"column":null}},"8":{"start":{"line":15,"column":15},"end":{"line":15,"column":null}}},"fnMap":{},"branchMap":{},"s":{"0":5,"1":5,"2":5,"3":5,"4":5,"5":5,"6":5,"7":5,"8":5},"f":{},"b":{}}
,"C:\\Users\\clios\\OneDrive\\Escritorio\\ Academlo\\NodeJSGen45\\6th_Week\\3th_Class\\booking-app\\src\\routes\\index.js": {"path":"C:\\Users\\clios\\OneDrive\\Escritorio\\ Academlo\\NodeJSGen45\\6th_Week\\3th_Class\\booking-app\\src\\routes\\index.js","statementMap":{"0":{"start":{"line":22,"column":0},"end":{"line":22,"column":15}},"1":{"start":{"line":1,"column":23},"end":{"line":1,"column":null}},"2":{"start":{"line":2,"column":23},"end":{"line":2,"column":null}},"3":{"start":{"line":3,"column":23},"end":{"line":3,"column":null}},"4":{"start":{"line":4,"column":24},"end":{"line":4,"column":null}},"5":{"start":{"line":5,"column":24},"end":{"line":5,"column":null}},"6":{"start":{"line":6,"column":25},"end":{"line":6,"column":null}},"7":{"start":{"line":7,"column":26},"end":{"line":7,"column":null}},"8":{"start":{"line":9,"column":15},"end":{"line":9,"column":null}},"9":{"start":{"line":11,"column":0},"end":{"line":13,"column":null}},"10":{"start":{"line":12,"column":2},"end":{"line":12,"column":null}},"11":{"start":{"line":15,"column":0},"end":{"line":15,"column":null}},"12":{"start":{"line":16,"column":0},"end":{"line":16,"column":null}},"13":{"start":{"line":17,"column":0},"end":{"line":17,"column":null}},"14":{"start":{"line":18,"column":0},"end":{"line":18,"column":null}},"15":{"start":{"line":19,"column":0},"end":{"line":19,"column":null}},"16":{"start":{"line":20,"column":0},"end":{"line":20,"column":null}},"17":{"start":{"line":22,"column":15},"end":{"line":22,"column":null}}},"fnMap":{"0":{"name":"(anonymous_2)","decl":{"start":{"line":11,"column":16},"end":{"line":11,"column":17}},"loc":{"start":{"line":11,"column":22},"end":{"line":13,"column":null}}}},"branchMap":{},"s":{"0":5,"1":5,"2":5,"3":5,"4":5,"5":5,"6":5,"7":5,"8":5,"9":5,"10":0,"11":5,"12":5,"13":5,"14":5,"15":5,"16":5,"17":5},"f":{"0":0},"b":{}}
,"C:\\Users\\clios\\OneDrive\\Escritorio\\ Academlo\\NodeJSGen45\\6th_Week\\3th_Class\\booking-app\\src\\routes\\review.route.js": {"path":"C:\\Users\\clios\\OneDrive\\Escritorio\\ Academlo\\NodeJSGen45\\6th_Week\\3th_Class\\booking-app\\src\\routes\\review.route.js","statementMap":{"0":{"start":{"line":16,"column":0},"end":{"line":16,"column":15}},"1":{"start":{"line":1,"column":47},"end":{"line":1,"column":null}},"2":{"start":{"line":2,"column":21},"end":{"line":2,"column":null}},"3":{"start":{"line":3,"column":21},"end":{"line":3,"column":null}},"4":{"start":{"line":4,"column":27},"end":{"line":4,"column":null}},"5":{"start":{"line":6,"column":15},"end":{"line":6,"column":null}},"6":{"start":{"line":8,"column":0},"end":{"line":10,"column":35}},"7":{"start":{"line":12,"column":0},"end":{"line":14,"column":36}},"8":{"start":{"line":16,"column":15},"end":{"line":16,"column":null}}},"fnMap":{},"branchMap":{},"s":{"0":5,"1":5,"2":5,"3":5,"4":5,"5":5,"6":5,"7":5,"8":5},"f":{},"b":{}}
,"C:\\Users\\clios\\OneDrive\\Escritorio\\ Academlo\\NodeJSGen45\\6th_Week\\3th_Class\\booking-app\\src\\routes\\user.route.js": {"path":"C:\\Users\\clios\\OneDrive\\Escritorio\\ Academlo\\NodeJSGen45\\6th_Week\\3th_Class\\booking-app\\src\\routes\\user.route.js","statementMap":{"0":{"start":{"line":20,"column":0},"end":{"line":20,"column":15}},"1":{"start":{"line":1,"column":54},"end":{"line":1,"column":null}},"2":{"start":{"line":2,"column":21},"end":{"line":2,"column":null}},"3":{"start":{"line":3,"column":21},"end":{"line":3,"column":null}},"4":{"start":{"line":4,"column":27},"end":{"line":4,"column":null}},"5":{"start":{"line":6,"column":15},"end":{"line":6,"column":null}},"6":{"start":{"line":7,"column":0},"end":{"line":7,"column":null}},"7":{"start":{"line":9,"column":0},"end":{"line":11,"column":null}},"8":{"start":{"line":13,"column":0},"end":{"line":14,"column":null}},"9":{"start":{"line":16,"column":0},"end":{"line":18,"column":null}},"10":{"start":{"line":20,"column":15},"end":{"line":20,"column":null}}},"fnMap":{},"branchMap":{},"s":{"0":5,"1":5,"2":5,"3":5,"4":5,"5":5,"6":5,"7":5,"8":5,"9":5,"10":5},"f":{},"b":{}}
}
