TN:
SF:src\app.js
FNF:0
FNH:0
DA:1,5
DA:2,5
DA:3,5
DA:4,5
DA:5,5
DA:6,5
DA:7,5
DA:9,5
DA:11,5
DA:12,5
DA:14,5
DA:15,5
DA:16,5
DA:17,5
DA:18,5
DA:21,5
DA:24,5
DA:26,26
LF:18
LH:18
BRDA:11,0,0,5
BRDA:11,0,1,0
BRF:2
BRH:1
end_of_record
TN:
SF:src\config\cloudinary.js
FN:8,(anonymous_4)
FN:9,(anonymous_5)
FN:16,(anonymous_6)
FN:24,(anonymous_7)
FNF:4
FNH:0
FNDA:0,(anonymous_4)
FNDA:0,(anonymous_5)
FNDA:0,(anonymous_6)
FNDA:0,(anonymous_7)
DA:1,5
DA:2,5
DA:3,5
DA:4,5
DA:6,5
DA:8,5
DA:9,0
DA:10,0
DA:11,0
DA:17,0
DA:18,0
DA:20,0
DA:24,5
DA:25,0
DA:26,0
DA:27,0
DA:28,0
DA:29,0
DA:31,0
DA:32,0
LF:20
LH:7
BRDA:8,0,0,0
BRDA:17,1,0,0
BRDA:17,1,1,0
BRDA:27,2,0,0
BRDA:27,2,1,0
BRF:5
BRH:0
end_of_record
TN:
SF:src\config\env.js
FNF:0
FNH:0
DA:1,5
DA:3,5
DA:5,36
LF:3
LH:3
BRDA:3,0,0,5
BRDA:3,0,1,5
BRDA:3,0,2,0
BRDA:7,1,0,5
BRDA:7,1,1,0
BRDA:8,2,0,5
BRDA:8,2,1,0
BRDA:9,3,0,5
BRDA:9,3,1,0
BRF:9
BRH:5
end_of_record
TN:
SF:src\controllers\booking.controller.js
FN:6,(anonymous_6)
FN:20,(anonymous_7)
FN:28,(anonymous_8)
FN:34,(anonymous_9)
FNF:4
FNH:4
FNDA:1,(anonymous_6)
FNDA:1,(anonymous_7)
FNDA:1,(anonymous_8)
FNDA:1,(anonymous_9)
DA:1,5
DA:2,5
DA:3,5
DA:4,5
DA:6,5
DA:7,1
DA:8,1
DA:9,1
DA:10,1
DA:11,1
DA:16,1
DA:17,1
DA:20,5
DA:21,1
DA:22,1
DA:23,1
DA:24,1
DA:25,1
DA:28,5
DA:29,1
DA:30,1
DA:31,1
DA:34,5
DA:35,1
DA:38,1
DA:39,1
DA:40,1
DA:41,1
DA:43,1
DA:47,1
DA:48,1
LF:31
LH:31
BRDA:9,0,0,0
BRDA:9,0,1,1
BRDA:10,1,0,0
BRDA:10,1,1,1
BRDA:21,2,0,1
BRDA:21,2,1,0
BRDA:38,3,0,1
BRDA:38,3,1,0
BRDA:40,4,0,1
BRDA:40,4,1,0
BRDA:41,5,0,1
BRDA:41,5,1,0
BRDA:47,6,0,0
BRDA:47,6,1,1
BRF:14
BRH:7
end_of_record
TN:
SF:src\controllers\city.controller.js
FN:5,(anonymous_6)
FN:10,(anonymous_7)
FN:15,(anonymous_8)
FN:21,(anonymous_9)
FNF:4
FNH:4
FNDA:1,(anonymous_6)
FNDA:1,(anonymous_7)
FNDA:1,(anonymous_8)
FNDA:1,(anonymous_9)
DA:1,5
DA:2,5
DA:3,5
DA:5,5
DA:6,1
DA:7,1
DA:10,5
DA:11,1
DA:12,1
DA:15,5
DA:16,1
DA:17,1
DA:18,1
DA:21,5
DA:22,1
DA:23,1
DA:27,1
DA:28,1
LF:18
LH:18
BRDA:27,0,0,0
BRDA:27,0,1,1
BRF:2
BRH:1
end_of_record
TN:
SF:src\controllers\hotel.controller.js
FN:8,(anonymous_7)
FN:19,(anonymous_8)
FN:21,(anonymous_9)
FN:29,(anonymous_10)
FN:34,(anonymous_11)
FN:41,(anonymous_12)
FN:47,(anonymous_13)
FNF:7
FNH:7
FNDA:1,(anonymous_7)
FNDA:2,(anonymous_8)
FNDA:4,(anonymous_9)
FNDA:1,(anonymous_10)
FNDA:1,(anonymous_11)
FNDA:1,(anonymous_12)
FNDA:1,(anonymous_13)
DA:1,5
DA:2,5
DA:3,5
DA:4,5
DA:5,5
DA:6,5
DA:8,5
DA:9,1
DA:10,1
DA:11,1
DA:12,0
DA:14,1
DA:15,0
DA:17,1
DA:19,1
DA:20,2
DA:21,4
DA:22,2
DA:23,2
DA:24,2
DA:26,1
DA:29,5
DA:30,1
DA:31,1
DA:34,5
DA:35,1
DA:36,1
DA:37,1
DA:38,1
DA:41,5
DA:42,1
DA:43,1
DA:44,1
DA:47,5
DA:48,1
DA:49,1
DA:53,1
DA:54,1
LF:38
LH:36
BRDA:11,0,0,0
BRDA:11,0,1,1
BRDA:14,1,0,0
BRDA:14,1,1,1
BRDA:22,2,0,2
BRDA:22,2,1,0
BRDA:37,3,0,0
BRDA:37,3,1,1
BRDA:53,4,0,0
BRDA:53,4,1,1
BRF:10
BRH:5
end_of_record
TN:
SF:src\controllers\image.controller.js
FN:6,(anonymous_5)
FN:11,(anonymous_6)
FN:19,(anonymous_7)
FNF:3
FNH:0
FNDA:0,(anonymous_5)
FNDA:0,(anonymous_6)
FNDA:0,(anonymous_7)
DA:1,5
DA:2,5
DA:3,5
DA:4,5
DA:6,5
DA:7,0
DA:8,0
DA:11,5
DA:12,0
DA:13,0
DA:14,0
DA:15,0
DA:16,0
DA:19,5
DA:20,0
DA:21,0
DA:22,0
DA:23,0
DA:24,0
DA:25,0
LF:20
LH:7
BRDA:22,0,0,0
BRDA:22,0,1,0
BRF:2
BRH:0
end_of_record
TN:
SF:src\controllers\review.controller.js
FN:6,(anonymous_6)
FN:22,(anonymous_7)
FN:30,(anonymous_8)
FN:36,(anonymous_9)
FNF:4
FNH:4
FNDA:1,(anonymous_6)
FNDA:1,(anonymous_7)
FNDA:1,(anonymous_8)
FNDA:1,(anonymous_9)
DA:1,5
DA:2,5
DA:3,5
DA:4,5
DA:6,5
DA:7,1
DA:8,1
DA:9,1
DA:10,1
DA:11,1
DA:18,1
DA:19,1
DA:22,5
DA:23,1
DA:24,1
DA:25,1
DA:26,1
DA:27,1
DA:30,5
DA:31,1
DA:32,1
DA:33,1
DA:36,5
DA:37,1
DA:40,1
DA:41,1
DA:42,1
DA:43,1
DA:45,1
DA:49,1
DA:50,1
LF:31
LH:31
BRDA:7,0,0,1
BRDA:7,1,0,1
BRDA:9,2,0,0
BRDA:9,2,1,1
BRDA:10,3,0,0
BRDA:10,3,1,1
BRDA:23,4,0,1
BRDA:23,4,1,0
BRDA:40,5,0,1
BRDA:40,5,1,0
BRDA:42,6,0,1
BRDA:42,6,1,0
BRDA:43,7,0,1
BRDA:43,7,1,0
BRDA:49,8,0,0
BRDA:49,8,1,1
BRF:16
BRH:9
end_of_record
TN:
SF:src\controllers\user.controller.js
FN:6,(anonymous_7)
FN:11,(anonymous_8)
FN:16,(anonymous_9)
FN:22,(anonymous_10)
FN:33,(anonymous_11)
FNF:5
FNH:5
FNDA:1,(anonymous_7)
FNDA:1,(anonymous_8)
FNDA:1,(anonymous_9)
FNDA:1,(anonymous_10)
FNDA:5,(anonymous_11)
DA:1,5
DA:2,5
DA:3,5
DA:4,5
DA:6,5
DA:7,1
DA:8,1
DA:11,5
DA:12,1
DA:13,1
DA:16,5
DA:17,1
DA:18,1
DA:19,1
DA:22,5
DA:23,1
DA:24,1
DA:25,1
DA:29,1
DA:30,1
DA:33,5
DA:34,5
DA:35,5
DA:36,5
DA:37,5
DA:38,5
DA:39,5
LF:27
LH:27
BRDA:29,0,0,0
BRDA:29,0,1,1
BRDA:36,1,0,5
BRDA:36,1,1,5
BRDA:37,2,0,0
BRDA:37,2,1,5
BRF:6
BRH:4
end_of_record
TN:
SF:src\db\connect.js
FN:9,(anonymous_3)
FNF:1
FNH:0
FNDA:0,(anonymous_3)
DA:1,5
DA:2,5
DA:4,5
DA:9,5
DA:10,0
DA:11,0
DA:12,0
DA:13,0
DA:16,40
LF:9
LH:5
BRF:0
BRH:0
end_of_record
TN:
SF:src\lib\utils.js
FN:1,(anonymous_1)
FNF:1
FNH:0
FNDA:0,(anonymous_1)
DA:1,5
DA:2,0
DA:5,0
DA:10,0
DA:12,0
DA:13,0
DA:15,0
DA:18,0
DA:22,0
DA:23,0
DA:24,0
DA:28,0
DA:31,0
DA:33,0
DA:35,0
LF:15
LH:1
BRDA:2,0,0,0
BRDA:2,0,1,0
BRDA:5,1,0,0
BRDA:5,1,1,0
BRDA:5,2,0,0
BRDA:5,2,1,0
BRDA:13,3,0,0
BRDA:13,3,1,0
BRDA:22,4,0,0
BRDA:22,4,1,0
BRF:10
BRH:0
end_of_record
TN:
SF:src\middlewares\auth.js
FN:4,(anonymous_2)
FN:8,(anonymous_3)
FNF:2
FNH:2
FNDA:16,(anonymous_2)
FNDA:16,(anonymous_3)
DA:1,5
DA:2,5
DA:4,95
DA:5,16
DA:6,16
DA:7,16
DA:8,16
DA:9,16
DA:10,16
DA:11,16
LF:10
LH:10
BRDA:6,0,0,16
BRDA:6,0,1,16
BRDA:7,1,0,0
BRDA:7,1,1,16
BRDA:9,2,0,0
BRDA:9,2,1,16
BRF:6
BRH:4
end_of_record
TN:
SF:src\middlewares\catchError.js
FN:1,(anonymous_1)
FN:2,(anonymous_2)
FNF:2
FNH:2
FNDA:125,(anonymous_1)
FNDA:26,(anonymous_2)
DA:1,125
DA:2,125
DA:3,26
LF:3
LH:3
BRF:0
BRH:0
end_of_record
TN:
SF:src\middlewares\errorHandler.js
FN:1,(anonymous_1)
FN:4,(anonymous_2)
FNF:2
FNH:0
FNDA:0,(anonymous_1)
FNDA:0,(anonymous_2)
DA:1,5
DA:2,0
DA:3,0
DA:4,0
DA:5,0
DA:7,0
DA:9,0
DA:10,0
DA:15,0
DA:16,0
DA:20,0
LF:11
LH:1
BRDA:2,0,0,0
BRDA:2,0,1,0
BRDA:9,1,0,0
BRDA:9,1,1,0
BRDA:15,2,0,0
BRDA:15,2,1,0
BRF:6
BRH:0
end_of_record
TN:
SF:src\middlewares\rateLimit.js
FN:7,(anonymous_2)
FNF:1
FNH:1
FNDA:64,(anonymous_2)
DA:1,5
DA:3,55
DA:7,64
LF:3
LH:3
BRDA:5,0,0,5
BRDA:5,0,1,0
BRF:2
BRH:1
end_of_record
TN:
SF:src\middlewares\upload.js
FN:8,(anonymous_2)
FNF:1
FNH:0
FNDA:0,(anonymous_2)
DA:1,5
DA:3,5
DA:5,5
DA:9,0
DA:10,0
DA:12,0
DA:17,5
LF:7
LH:4
BRDA:9,0,0,0
BRDA:9,0,1,0
BRF:2
BRH:0
end_of_record
TN:
SF:src\models\Image.model.js
FNF:0
FNH:0
DA:1,5
DA:2,5
DA:3,5
DA:5,5
DA:12,5
DA:13,5
DA:15,5
LF:7
LH:7
BRF:0
BRH:0
end_of_record
TN:
SF:src\models\booking.model.js
FNF:0
FNH:0
DA:1,5
DA:2,5
DA:3,5
DA:4,5
DA:6,5
DA:17,5
DA:18,5
DA:20,5
DA:21,5
DA:23,5
LF:10
LH:10
BRF:0
BRH:0
end_of_record
TN:
SF:src\models\city.model.js
FNF:0
FNH:0
DA:1,5
DA:2,5
DA:4,5
DA:19,16
LF:4
LH:4
BRF:0
BRH:0
end_of_record
TN:
SF:src\models\hotel.model.js
FNF:0
FNH:0
DA:1,5
DA:2,5
DA:3,5
DA:5,5
DA:45,5
DA:46,5
DA:48,38
LF:7
LH:7
BRF:0
BRH:0
end_of_record
TN:
SF:src\models\review.model.js
FNF:0
FNH:0
DA:1,5
DA:2,5
DA:3,5
DA:4,5
DA:6,5
DA:17,5
DA:18,5
DA:20,5
DA:21,5
DA:23,6
LF:10
LH:10
BRF:0
BRH:0
end_of_record
TN:
SF:src\models\user.model.js
FN:29,(anonymous_4)
FN:33,(anonymous_5)
FN:37,(anonymous_6)
FNF:3
FNH:3
FNDA:1,(anonymous_4)
FNDA:5,(anonymous_5)
FNDA:15,(anonymous_6)
DA:1,5
DA:2,5
DA:3,5
DA:5,5
DA:29,5
DA:30,1
DA:33,5
DA:34,5
DA:37,5
DA:38,15
DA:39,15
DA:40,15
DA:43,31
LF:13
LH:13
BRDA:30,0,0,1
BRDA:30,0,1,0
BRF:2
BRH:1
end_of_record
TN:
SF:src\routes\booking.route.js
FNF:0
FNH:0
DA:1,5
DA:2,5
DA:3,5
DA:4,5
DA:6,5
DA:7,5
DA:9,5
DA:13,5
DA:17,5
LF:9
LH:9
BRF:0
BRH:0
end_of_record
TN:
SF:src\routes\city.route.js
FNF:0
FNH:0
DA:1,5
DA:2,5
DA:3,5
DA:4,5
DA:6,5
DA:7,5
DA:9,5
DA:13,5
DA:17,5
LF:9
LH:9
BRF:0
BRH:0
end_of_record
TN:
SF:src\routes\hotel.route.js
FNF:0
FNH:0
DA:1,5
DA:2,5
DA:3,5
DA:4,5
DA:6,5
DA:7,5
DA:9,5
DA:13,5
DA:18,5
LF:9
LH:9
BRF:0
BRH:0
end_of_record
TN:
SF:src\routes\image.route.js
FNF:0
FNH:0
DA:1,5
DA:2,5
DA:3,5
DA:4,5
DA:6,5
DA:8,5
DA:12,5
DA:15,5
LF:8
LH:8
BRF:0
BRH:0
end_of_record
TN:
SF:src\routes\index.js
FN:11,(anonymous_2)
FNF:1
FNH:0
FNDA:0,(anonymous_2)
DA:1,5
DA:2,5
DA:3,5
DA:4,5
DA:5,5
DA:6,5
DA:7,5
DA:9,5
DA:11,5
DA:12,0
DA:15,5
DA:16,5
DA:17,5
DA:18,5
DA:19,5
DA:20,5
DA:22,5
LF:17
LH:16
BRF:0
BRH:0
end_of_record
TN:
SF:src\routes\review.route.js
FNF:0
FNH:0
DA:1,5
DA:2,5
DA:3,5
DA:4,5
DA:6,5
DA:8,5
DA:12,5
DA:16,5
LF:8
LH:8
BRF:0
BRH:0
end_of_record
TN:
SF:src\routes\user.route.js
FNF:0
FNH:0
DA:1,5
DA:2,5
DA:3,5
DA:4,5
DA:6,5
DA:7,5
DA:9,5
DA:13,5
DA:16,5
DA:20,5
LF:10
LH:10
BRF:0
BRH:0
end_of_record
